2025-05-30 18:43:14,206 INFO     [FlashTop]    init
2025-05-30 18:43:14,220 [Process-17612] INFO     [FlashTop]    do_main: cmd loadpara
2025-05-30 18:43:14,220 [Process-17612] INFO     [Para]    exe path: C:\HTNB32L-XXX-SDK(-)\Firmware\HTNB32L-XXX-SDK\Debug
2025-05-30 18:43:14,225 [Process-17612] INFO     [Para]    update digest file :C:\HTNB32L-XXX-SDK(-)\Firmware\HTNB32L-XXX-SDK\Debug\cfg.digest, digest:b'\x68\x10\x41\x85\xc6\x9c\x10\x24\x84\xfb\xd0\xc0\x91\x0f\x33\xb8\xf1\x2c\xd4\x5b\x6c\x08\x7b\xfd\x49\x23\x44\xca\x60\x5e\xd3\xe3' 
2025-05-30 18:43:14,225 [Process-17612] INFO     [Para]    LoadPara from cfgfile(C:\HTNB32L-XXX-SDK(-)\Firmware\HTNB32L-XXX-SDK\Debug\htnb32l.ini) 
2025-05-30 18:43:14,226 [Process-17612] WARNING  [Para]    Load para curdigest b'\x68\x10\x41\x85\xc6\x9c\x10\x24\x84\xfb\xd0\xc0\x91\x0f\x33\xb8\xf1\x2c\xd4\x5b\x6c\x08\x7b\xfd\x49\x23\x44\xca\x60\x5e\xd3\xe3'
2025-05-30 18:43:14,227 [Process-17612] INFO     [FlashTop]    Load para sync success
2025-05-30 18:43:14,227 [Process-17612] INFO     [FlashToolCLI]    Burnbatch Start, burn imglist ['bootloader', 'system'].
2025-05-30 18:43:14,228 [Process-17612] INFO     [FlashTop]    do_main: cmd burnag, Thread0[12788]
2025-05-30 18:43:14,229 [Process-17612] INFO     [Thread0]    ProcessStart[12788]
2025-05-30 18:43:15,367 [Process-17612] INFO     [Thread0]    ResetBoard(Normal Mod) finish
2025-05-30 18:43:15,372 [Process-17612] INFO     [Thread0]    args.ser.port :COM3
2025-05-30 18:43:15,473 [Process-17612] INFO     [Image]    SetBaud 921600
2025-05-30 18:43:15,474 [Process-17612] INFO     [Thread0]    TryDownload C:\HTNB32L-XXX-SDK(-)\Firmware\HTNB32L-XXX-SDK\Debug\agentboot.bin start
2025-05-30 18:43:15,475 [Process-17612] INFO     [Thread0]    image size=28568, hdsize=272
2025-05-30 18:43:15,475 [Process-17612] INFO     [Thread0]    Preamble Send
2025-05-30 18:43:15,529 [Process-17612] INFO     [Thread0]    Preamble Received Rsp
2025-05-30 18:43:15,530 [Process-17612] ERROR    [Thread0]    Preamble Received Rsp err:000d0a45 
2025-05-30 18:43:15,531 [Process-17612] INFO     [Thread0]    Preamble Received Rsp
2025-05-30 18:43:15,532 [Process-17612] ERROR    [Thread0]    Preamble Received Rsp err:24a1a8cd 
2025-05-30 18:43:15,533 [Process-17612] INFO     [Thread0]    Preamble Received Rsp
2025-05-30 18:43:15,534 [Process-17612] ERROR    [Thread0]    Preamble Received Rsp err:85cd9581 
2025-05-30 18:43:15,535 [Process-17612] INFO     [Thread0]    Preamble Received Rsp
2025-05-30 18:43:15,536 [Process-17612] ERROR    [Thread0]    Preamble Received Rsp err:6c656570 
2025-05-30 18:43:15,537 [Process-17612] INFO     [Thread0]    Preamble Received Rsp
2025-05-30 18:43:15,538 [Process-17612] ERROR    [Thread0]    Preamble Received Rsp err:65726e61 
2025-05-30 18:43:15,539 [Process-17612] INFO     [Thread0]    Preamble Received Rsp
2025-05-30 18:43:15,540 [Process-17612] ERROR    [Thread0]    Preamble Received Rsp err:69626572 
2025-05-30 18:43:15,541 [Process-17612] INFO     [Thread0]    Preamble Received Rsp
2025-05-30 18:43:15,542 [Process-17612] ERROR    [Thread0]    Preamble Received Rsp err:61736520 
2025-05-30 18:43:15,543 [Process-17612] INFO     [Thread0]    Preamble Received Rsp
2025-05-30 18:43:15,544 [Process-17612] ERROR    [Thread0]    Preamble Received Rsp err:6f6e6720 
2025-05-30 18:43:15,545 [Process-17612] INFO     [Thread0]    Preamble Received Rsp
2025-05-30 18:43:15,546 [Process-17612] ERROR    [Thread0]    Preamble Received Rsp err:65703120 
2025-05-30 18:43:15,578 [Process-17612] ERROR    [Thread0]    Download->DLDIdleProcess failed, ImageId=0x54494d48, ret=0x70
2025-05-30 18:43:15,579 [Process-17612] ERROR    [Thread0]    TryDownload failed(0x70)
2025-05-30 18:43:15,579 [Process-17612] ERROR    [Thread0]    DownloadAgent failed(0x70)
2025-05-30 18:43:15,579 [Process-17612] INFO     [Thread0]    LPCTryRecover not allow
2025-05-30 18:43:15,584 [Process-17612] ERROR    [FlashTop]    burn failed, ret=0x00000070, Thread0[12788]
2025-05-30 18:43:15,584 [Process-17612] INFO     [Thread0]    ProcessEnd[12788]
2025-05-30 18:43:15,585 [Process-17612] ERROR    [FlashToolCLI]    
[Error Info]:[preamble no response] 
